<?xml version="1.0" encoding="UTF-8"?>
<testng-results skipped="0" failed="0" ignored="6" total="7" passed="1">
  <reporter-output>
  </reporter-output>
  <suite name="Demo" duration-ms="12778" started-at="2022-07-10T12:32:32 ICT" finished-at="2022-07-10T12:32:45 ICT">
    <groups>
    </groups>
    <test name="First Test" duration-ms="12778" started-at="2022-07-10T12:32:32 ICT" finished-at="2022-07-10T12:32:45 ICT">
      <class name="SeleniumAuto.Demo">
        <test-method status="PASS" signature="SetUp()[pri:0, instance:SeleniumAuto.Demo@644c78d4]" name="SetUp" is-config="true" duration-ms="7963" started-at="2022-07-10T12:32:32 ICT" finished-at="2022-07-10T12:32:40 ICT">
          <reporter-output>
          </reporter-output>
        </test-method> <!-- SetUp -->
        <test-method status="PASS" signature="beforeMethod()[pri:0, instance:SeleniumAuto.Demo@644c78d4]" name="beforeMethod" is-config="true" duration-ms="1" started-at="2022-07-10T12:32:40 ICT" finished-at="2022-07-10T12:32:40 ICT">
          <reporter-output>
          </reporter-output>
        </test-method> <!-- beforeMethod -->
        <test-method status="PASS" signature="compareAllTextInPage()[pri:0, instance:SeleniumAuto.Demo@644c78d4]" name="compareAllTextInPage" duration-ms="3414" started-at="2022-07-10T12:32:40 ICT" finished-at="2022-07-10T12:32:44 ICT">
          <reporter-output>
          </reporter-output>
        </test-method> <!-- compareAllTextInPage -->
        <test-method status="PASS" signature="afterMethod(org.testng.ITestResult)[pri:0, instance:SeleniumAuto.Demo@644c78d4]" name="afterMethod" is-config="true" duration-ms="12" started-at="2022-07-10T12:32:44 ICT" finished-at="2022-07-10T12:32:44 ICT">
          <params>
            <param index="0">
              <value>
                <![CDATA[[TestResult name=compareAllTextInPage status=SUCCESS method=Demo.compareAllTextInPage()[pri:0, instance:SeleniumAuto.Demo@644c78d4] output={null}]]]>
              </value>
            </param>
          </params>
          <reporter-output>
          </reporter-output>
        </test-method> <!-- afterMethod -->
        <test-method status="PASS" signature="TearDown()[pri:0, instance:SeleniumAuto.Demo@644c78d4]" name="TearDown" is-config="true" duration-ms="1187" started-at="2022-07-10T12:32:44 ICT" finished-at="2022-07-10T12:32:45 ICT">
          <reporter-output>
          </reporter-output>
        </test-method> <!-- TearDown -->
      </class> <!-- SeleniumAuto.Demo -->
    </test> <!-- First Test -->
  </suite> <!-- Demo -->
</testng-results>
