<?xml version="1.0" encoding="UTF-8"?>
<!-- Generated by org.testng.reporters.JUnitXMLReporter -->
<testsuite hostname="Phans-MacBook-Air.local" ignored="6" name="First Test" tests="1" failures="0" timestamp="2022-07-10T12:32:45 ICT" time="12.778" errors="0">
  <testcase name="compareAllTextInPage" time="3.414" classname="SeleniumAuto.Demo"/>
  <testcase name="dropDown" time="0.0" classname="SeleniumAuto.Demo">
    <ignored/>
  </testcase> <!-- dropDown -->
  <testcase name="dynamicDropdown" time="0.0" classname="SeleniumAuto.Demo">
    <ignored/>
  </testcase> <!-- dynamicDropdown -->
  <testcase name="praPopup" time="0.0" classname="SeleniumAuto.Demo">
    <ignored/>
  </testcase> <!-- praPopup -->
  <testcase name="selectOption" time="0.0" classname="SeleniumAuto.Demo">
    <ignored/>
  </testcase> <!-- selectOption -->
  <testcase name="praAlert" time="0.0" classname="SeleniumAuto.Demo">
    <ignored/>
  </testcase> <!-- praAlert -->
  <testcase name="radioCheck" time="0.0" classname="SeleniumAuto.Demo">
    <ignored/>
  </testcase> <!-- radioCheck -->
</testsuite> <!-- First Test -->
