<?xml version="1.0" encoding="UTF-8"?>
<!-- Generated by org.testng.reporters.JUnitXMLReporter -->
<testsuite hostname="Phans-MacBook-Air.local" ignored="3" name="First Test" tests="4" failures="0" timestamp="2022-07-12T12:03:47 ICT" time="13.8" errors="0">
  <testcase name="compareAllTextInPage" time="3.404" classname="SeleniumAuto.Demo"/>
  <testcase name="dropDown" time="0.666" classname="SeleniumAuto.Demo"/>
  <testcase name="radioCheck" time="0.235" classname="SeleniumAuto.Demo"/>
  <testcase name="selectOption" time="0.495" classname="SeleniumAuto.Demo"/>
  <testcase name="dynamicDropdown" time="0.0" classname="SeleniumAuto.Demo">
    <ignored/>
  </testcase> <!-- dynamicDropdown -->
  <testcase name="praPopup" time="0.0" classname="SeleniumAuto.Demo">
    <ignored/>
  </testcase> <!-- praPopup -->
  <testcase name="praAlert" time="0.0" classname="SeleniumAuto.Demo">
    <ignored/>
  </testcase> <!-- praAlert -->
</testsuite> <!-- First Test -->
